feature-cars/build 2/outputs/logs/manifest-merger-release-report.txt
-- Merging decision tree log ---
manifest
ADDED from ProcessLibraryManifest/debug/tempAndroidManifest8720300774701155617.xml:2:13-83
INJECTED from ProcessLibraryManifest/debug/tempAndroidManifest8720300774701155617.xml:2:13-83
	package
		INJECTED from ProcessLibraryManifest/debug/tempAndroidManifest8720300774701155617.xml
	xmlns:android
		ADDED from ProcessLibraryManifest/debug/tempAndroidManifest8720300774701155617.xml:2:23-81
uses-sdk
INJECTED from ProcessLibraryManifest/debug/tempAndroidManifest8720300774701155617.xml reason: use-sdk injection requested
INJECTED from ProcessLibraryManifest/debug/tempAndroidManifest8720300774701155617.xml
INJECTED from ProcessLibraryManifest/debug/tempAndroidManifest8720300774701155617.xml
	android:targetSdkVersion
		INJECTED from ProcessLibraryManifest/debug/tempAndroidManifest8720300774701155617.xml
	android:minSdkVersion
		INJECTED from ProcessLibraryManifest/debug/tempAndroidManifest8720300774701155617.xml